<?xml version="1.0" encoding="UTF-8"?>
<testsuite xmlns:xsi="http://www.w3.org/2001/XMLSchema-instance" xsi:noNamespaceSchemaLocation="https://maven.apache.org/surefire/maven-surefire-plugin/xsd/surefire-test-report.xsd" name="com.neuedu.backend.BackendApplicationTests" time="13.664" tests="1" errors="0" skipped="0" failures="0">
  <properties>
    <property name="sun.desktop" value="windows"/>
    <property name="awt.toolkit" value="sun.awt.windows.WToolkit"/>
    <property name="file.encoding.pkg" value="sun.io"/>
    <property name="java.specification.version" value="1.8"/>
    <property name="sun.cpu.isalist" value="amd64"/>
    <property name="sun.jnu.encoding" value="GBK"/>
    <property name="java.class.path" value="G:\WorkSpace\Idea_WorkSpace\Neuedu\backend\target\test-classes;G:\WorkSpace\Idea_WorkSpace\Neuedu\backend\target\classes;D:\Program\MavenRes\org\springframework\boot\spring-boot-starter-web\2.3.4.RELEASE\spring-boot-starter-web-2.3.4.RELEASE.jar;D:\Program\MavenRes\org\springframework\boot\spring-boot-starter\2.3.4.RELEASE\spring-boot-starter-2.3.4.RELEASE.jar;D:\Program\MavenRes\org\springframework\boot\spring-boot-starter-logging\2.3.4.RELEASE\spring-boot-starter-logging-2.3.4.RELEASE.jar;D:\Program\MavenRes\ch\qos\logback\logback-classic\1.2.3\logback-classic-1.2.3.jar;D:\Program\MavenRes\ch\qos\logback\logback-core\1.2.3\logback-core-1.2.3.jar;D:\Program\MavenRes\org\apache\logging\log4j\log4j-to-slf4j\2.13.3\log4j-to-slf4j-2.13.3.jar;D:\Program\MavenRes\org\apache\logging\log4j\log4j-api\2.13.3\log4j-api-2.13.3.jar;D:\Program\MavenRes\org\slf4j\jul-to-slf4j\1.7.30\jul-to-slf4j-1.7.30.jar;D:\Program\MavenRes\jakarta\annotation\jakarta.annotation-api\1.3.5\jakarta.annotation-api-1.3.5.jar;D:\Program\MavenRes\org\yaml\snakeyaml\1.26\snakeyaml-1.26.jar;D:\Program\MavenRes\org\springframework\boot\spring-boot-starter-json\2.3.4.RELEASE\spring-boot-starter-json-2.3.4.RELEASE.jar;D:\Program\MavenRes\com\fasterxml\jackson\core\jackson-databind\2.11.2\jackson-databind-2.11.2.jar;D:\Program\MavenRes\com\fasterxml\jackson\core\jackson-annotations\2.11.2\jackson-annotations-2.11.2.jar;D:\Program\MavenRes\com\fasterxml\jackson\core\jackson-core\2.11.2\jackson-core-2.11.2.jar;D:\Program\MavenRes\com\fasterxml\jackson\datatype\jackson-datatype-jdk8\2.11.2\jackson-datatype-jdk8-2.11.2.jar;D:\Program\MavenRes\com\fasterxml\jackson\datatype\jackson-datatype-jsr310\2.11.2\jackson-datatype-jsr310-2.11.2.jar;D:\Program\MavenRes\com\fasterxml\jackson\module\jackson-module-parameter-names\2.11.2\jackson-module-parameter-names-2.11.2.jar;D:\Program\MavenRes\org\springframework\boot\spring-boot-starter-tomcat\2.3.4.RELEASE\spring-boot-starter-tomcat-2.3.4.RELEASE.jar;D:\Program\MavenRes\org\apache\tomcat\embed\tomcat-embed-core\9.0.38\tomcat-embed-core-9.0.38.jar;D:\Program\MavenRes\org\glassfish\jakarta.el\3.0.3\jakarta.el-3.0.3.jar;D:\Program\MavenRes\org\apache\tomcat\embed\tomcat-embed-websocket\9.0.38\tomcat-embed-websocket-9.0.38.jar;D:\Program\MavenRes\org\springframework\spring-web\5.2.9.RELEASE\spring-web-5.2.9.RELEASE.jar;D:\Program\MavenRes\org\springframework\spring-beans\5.2.9.RELEASE\spring-beans-5.2.9.RELEASE.jar;D:\Program\MavenRes\org\springframework\spring-webmvc\5.2.9.RELEASE\spring-webmvc-5.2.9.RELEASE.jar;D:\Program\MavenRes\org\springframework\spring-aop\5.2.9.RELEASE\spring-aop-5.2.9.RELEASE.jar;D:\Program\MavenRes\org\springframework\spring-context\5.2.9.RELEASE\spring-context-5.2.9.RELEASE.jar;D:\Program\MavenRes\org\springframework\spring-expression\5.2.9.RELEASE\spring-expression-5.2.9.RELEASE.jar;D:\Program\MavenRes\org\mybatis\spring\boot\mybatis-spring-boot-starter\2.1.3\mybatis-spring-boot-starter-2.1.3.jar;D:\Program\MavenRes\org\springframework\boot\spring-boot-starter-jdbc\2.3.4.RELEASE\spring-boot-starter-jdbc-2.3.4.RELEASE.jar;D:\Program\MavenRes\com\zaxxer\HikariCP\3.4.5\HikariCP-3.4.5.jar;D:\Program\MavenRes\org\springframework\spring-jdbc\5.2.9.RELEASE\spring-jdbc-5.2.9.RELEASE.jar;D:\Program\MavenRes\org\springframework\spring-tx\5.2.9.RELEASE\spring-tx-5.2.9.RELEASE.jar;D:\Program\MavenRes\org\mybatis\spring\boot\mybatis-spring-boot-autoconfigure\2.1.3\mybatis-spring-boot-autoconfigure-2.1.3.jar;D:\Program\MavenRes\org\mybatis\mybatis\3.5.5\mybatis-3.5.5.jar;D:\Program\MavenRes\org\mybatis\mybatis-spring\2.0.5\mybatis-spring-2.0.5.jar;D:\Program\MavenRes\com\github\pagehelper\pagehelper-spring-boot-starter\1.2.12\pagehelper-spring-boot-starter-1.2.12.jar;D:\Program\MavenRes\com\github\pagehelper\pagehelper-spring-boot-autoconfigure\1.2.12\pagehelper-spring-boot-autoconfigure-1.2.12.jar;D:\Program\MavenRes\com\github\pagehelper\pagehelper\5.1.10\pagehelper-5.1.10.jar;D:\Program\MavenRes\com\github\jsqlparser\jsqlparser\2.0\jsqlparser-2.0.jar;D:\Program\MavenRes\org\springframework\boot\spring-boot-devtools\2.3.4.RELEASE\spring-boot-devtools-2.3.4.RELEASE.jar;D:\Program\MavenRes\org\springframework\boot\spring-boot\2.3.4.RELEASE\spring-boot-2.3.4.RELEASE.jar;D:\Program\MavenRes\org\springframework\boot\spring-boot-autoconfigure\2.3.4.RELEASE\spring-boot-autoconfigure-2.3.4.RELEASE.jar;D:\Program\MavenRes\mysql\mysql-connector-java\8.0.21\mysql-connector-java-8.0.21.jar;D:\Program\MavenRes\org\projectlombok\lombok\1.18.12\lombok-1.18.12.jar;D:\Program\MavenRes\org\springframework\boot\spring-boot-starter-test\2.3.4.RELEASE\spring-boot-starter-test-2.3.4.RELEASE.jar;D:\Program\MavenRes\org\springframework\boot\spring-boot-test\2.3.4.RELEASE\spring-boot-test-2.3.4.RELEASE.jar;D:\Program\MavenRes\org\springframework\boot\spring-boot-test-autoconfigure\2.3.4.RELEASE\spring-boot-test-autoconfigure-2.3.4.RELEASE.jar;D:\Program\MavenRes\com\jayway\jsonpath\json-path\2.4.0\json-path-2.4.0.jar;D:\Program\MavenRes\net\minidev\json-smart\2.3\json-smart-2.3.jar;D:\Program\MavenRes\net\minidev\accessors-smart\1.2\accessors-smart-1.2.jar;D:\Program\MavenRes\org\ow2\asm\asm\5.0.4\asm-5.0.4.jar;D:\Program\MavenRes\org\slf4j\slf4j-api\1.7.30\slf4j-api-1.7.30.jar;D:\Program\MavenRes\jakarta\xml\bind\jakarta.xml.bind-api\2.3.3\jakarta.xml.bind-api-2.3.3.jar;D:\Program\MavenRes\jakarta\activation\jakarta.activation-api\1.2.2\jakarta.activation-api-1.2.2.jar;D:\Program\MavenRes\org\assertj\assertj-core\3.16.1\assertj-core-3.16.1.jar;D:\Program\MavenRes\org\hamcrest\hamcrest\2.2\hamcrest-2.2.jar;D:\Program\MavenRes\org\junit\jupiter\junit-jupiter\5.6.2\junit-jupiter-5.6.2.jar;D:\Program\MavenRes\org\junit\jupiter\junit-jupiter-api\5.6.2\junit-jupiter-api-5.6.2.jar;D:\Program\MavenRes\org\apiguardian\apiguardian-api\1.1.0\apiguardian-api-1.1.0.jar;D:\Program\MavenRes\org\opentest4j\opentest4j\1.2.0\opentest4j-1.2.0.jar;D:\Program\MavenRes\org\junit\platform\junit-platform-commons\1.6.2\junit-platform-commons-1.6.2.jar;D:\Program\MavenRes\org\junit\jupiter\junit-jupiter-params\5.6.2\junit-jupiter-params-5.6.2.jar;D:\Program\MavenRes\org\junit\jupiter\junit-jupiter-engine\5.6.2\junit-jupiter-engine-5.6.2.jar;D:\Program\MavenRes\org\junit\platform\junit-platform-engine\1.6.2\junit-platform-engine-1.6.2.jar;D:\Program\MavenRes\org\mockito\mockito-core\3.3.3\mockito-core-3.3.3.jar;D:\Program\MavenRes\net\bytebuddy\byte-buddy\1.10.14\byte-buddy-1.10.14.jar;D:\Program\MavenRes\net\bytebuddy\byte-buddy-agent\1.10.14\byte-buddy-agent-1.10.14.jar;D:\Program\MavenRes\org\objenesis\objenesis\2.6\objenesis-2.6.jar;D:\Program\MavenRes\org\mockito\mockito-junit-jupiter\3.3.3\mockito-junit-jupiter-3.3.3.jar;D:\Program\MavenRes\org\skyscreamer\jsonassert\1.5.0\jsonassert-1.5.0.jar;D:\Program\MavenRes\com\vaadin\external\google\android-json\0.0.20131108.vaadin1\android-json-0.0.20131108.vaadin1.jar;D:\Program\MavenRes\org\springframework\spring-core\5.2.9.RELEASE\spring-core-5.2.9.RELEASE.jar;D:\Program\MavenRes\org\springframework\spring-jcl\5.2.9.RELEASE\spring-jcl-5.2.9.RELEASE.jar;D:\Program\MavenRes\org\springframework\spring-test\5.2.9.RELEASE\spring-test-5.2.9.RELEASE.jar;D:\Program\MavenRes\org\xmlunit\xmlunit-core\2.7.0\xmlunit-core-2.7.0.jar;"/>
    <property name="java.vm.vendor" value="Oracle Corporation"/>
    <property name="sun.arch.data.model" value="64"/>
    <property name="user.variant" value=""/>
    <property name="java.vendor.url" value="http://java.oracle.com/"/>
    <property name="user.timezone" value="Asia/Shanghai"/>
    <property name="java.vm.specification.version" value="1.8"/>
    <property name="os.name" value="Windows 10"/>
    <property name="user.country" value="CN"/>
    <property name="sun.java.launcher" value="SUN_STANDARD"/>
    <property name="sun.boot.library.path" value="D:\Program\Java\jdk1.8.0_191\jre\bin"/>
    <property name="sun.java.command" value="E:\userdata\temp\surefire5150191046821769369\surefirebooter8261233845302558644.jar E:\userdata\temp\surefire5150191046821769369 2020-11-26T15-25-02_018-jvmRun1 surefire4422200836159891225tmp surefire_04387455013054347887tmp"/>
    <property name="surefire.test.class.path" value="G:\WorkSpace\Idea_WorkSpace\Neuedu\backend\target\test-classes;G:\WorkSpace\Idea_WorkSpace\Neuedu\backend\target\classes;D:\Program\MavenRes\org\springframework\boot\spring-boot-starter-web\2.3.4.RELEASE\spring-boot-starter-web-2.3.4.RELEASE.jar;D:\Program\MavenRes\org\springframework\boot\spring-boot-starter\2.3.4.RELEASE\spring-boot-starter-2.3.4.RELEASE.jar;D:\Program\MavenRes\org\springframework\boot\spring-boot-starter-logging\2.3.4.RELEASE\spring-boot-starter-logging-2.3.4.RELEASE.jar;D:\Program\MavenRes\ch\qos\logback\logback-classic\1.2.3\logback-classic-1.2.3.jar;D:\Program\MavenRes\ch\qos\logback\logback-core\1.2.3\logback-core-1.2.3.jar;D:\Program\MavenRes\org\apache\logging\log4j\log4j-to-slf4j\2.13.3\log4j-to-slf4j-2.13.3.jar;D:\Program\MavenRes\org\apache\logging\log4j\log4j-api\2.13.3\log4j-api-2.13.3.jar;D:\Program\MavenRes\org\slf4j\jul-to-slf4j\1.7.30\jul-to-slf4j-1.7.30.jar;D:\Program\MavenRes\jakarta\annotation\jakarta.annotation-api\1.3.5\jakarta.annotation-api-1.3.5.jar;D:\Program\MavenRes\org\yaml\snakeyaml\1.26\snakeyaml-1.26.jar;D:\Program\MavenRes\org\springframework\boot\spring-boot-starter-json\2.3.4.RELEASE\spring-boot-starter-json-2.3.4.RELEASE.jar;D:\Program\MavenRes\com\fasterxml\jackson\core\jackson-databind\2.11.2\jackson-databind-2.11.2.jar;D:\Program\MavenRes\com\fasterxml\jackson\core\jackson-annotations\2.11.2\jackson-annotations-2.11.2.jar;D:\Program\MavenRes\com\fasterxml\jackson\core\jackson-core\2.11.2\jackson-core-2.11.2.jar;D:\Program\MavenRes\com\fasterxml\jackson\datatype\jackson-datatype-jdk8\2.11.2\jackson-datatype-jdk8-2.11.2.jar;D:\Program\MavenRes\com\fasterxml\jackson\datatype\jackson-datatype-jsr310\2.11.2\jackson-datatype-jsr310-2.11.2.jar;D:\Program\MavenRes\com\fasterxml\jackson\module\jackson-module-parameter-names\2.11.2\jackson-module-parameter-names-2.11.2.jar;D:\Program\MavenRes\org\springframework\boot\spring-boot-starter-tomcat\2.3.4.RELEASE\spring-boot-starter-tomcat-2.3.4.RELEASE.jar;D:\Program\MavenRes\org\apache\tomcat\embed\tomcat-embed-core\9.0.38\tomcat-embed-core-9.0.38.jar;D:\Program\MavenRes\org\glassfish\jakarta.el\3.0.3\jakarta.el-3.0.3.jar;D:\Program\MavenRes\org\apache\tomcat\embed\tomcat-embed-websocket\9.0.38\tomcat-embed-websocket-9.0.38.jar;D:\Program\MavenRes\org\springframework\spring-web\5.2.9.RELEASE\spring-web-5.2.9.RELEASE.jar;D:\Program\MavenRes\org\springframework\spring-beans\5.2.9.RELEASE\spring-beans-5.2.9.RELEASE.jar;D:\Program\MavenRes\org\springframework\spring-webmvc\5.2.9.RELEASE\spring-webmvc-5.2.9.RELEASE.jar;D:\Program\MavenRes\org\springframework\spring-aop\5.2.9.RELEASE\spring-aop-5.2.9.RELEASE.jar;D:\Program\MavenRes\org\springframework\spring-context\5.2.9.RELEASE\spring-context-5.2.9.RELEASE.jar;D:\Program\MavenRes\org\springframework\spring-expression\5.2.9.RELEASE\spring-expression-5.2.9.RELEASE.jar;D:\Program\MavenRes\org\mybatis\spring\boot\mybatis-spring-boot-starter\2.1.3\mybatis-spring-boot-starter-2.1.3.jar;D:\Program\MavenRes\org\springframework\boot\spring-boot-starter-jdbc\2.3.4.RELEASE\spring-boot-starter-jdbc-2.3.4.RELEASE.jar;D:\Program\MavenRes\com\zaxxer\HikariCP\3.4.5\HikariCP-3.4.5.jar;D:\Program\MavenRes\org\springframework\spring-jdbc\5.2.9.RELEASE\spring-jdbc-5.2.9.RELEASE.jar;D:\Program\MavenRes\org\springframework\spring-tx\5.2.9.RELEASE\spring-tx-5.2.9.RELEASE.jar;D:\Program\MavenRes\org\mybatis\spring\boot\mybatis-spring-boot-autoconfigure\2.1.3\mybatis-spring-boot-autoconfigure-2.1.3.jar;D:\Program\MavenRes\org\mybatis\mybatis\3.5.5\mybatis-3.5.5.jar;D:\Program\MavenRes\org\mybatis\mybatis-spring\2.0.5\mybatis-spring-2.0.5.jar;D:\Program\MavenRes\com\github\pagehelper\pagehelper-spring-boot-starter\1.2.12\pagehelper-spring-boot-starter-1.2.12.jar;D:\Program\MavenRes\com\github\pagehelper\pagehelper-spring-boot-autoconfigure\1.2.12\pagehelper-spring-boot-autoconfigure-1.2.12.jar;D:\Program\MavenRes\com\github\pagehelper\pagehelper\5.1.10\pagehelper-5.1.10.jar;D:\Program\MavenRes\com\github\jsqlparser\jsqlparser\2.0\jsqlparser-2.0.jar;D:\Program\MavenRes\org\springframework\boot\spring-boot-devtools\2.3.4.RELEASE\spring-boot-devtools-2.3.4.RELEASE.jar;D:\Program\MavenRes\org\springframework\boot\spring-boot\2.3.4.RELEASE\spring-boot-2.3.4.RELEASE.jar;D:\Program\MavenRes\org\springframework\boot\spring-boot-autoconfigure\2.3.4.RELEASE\spring-boot-autoconfigure-2.3.4.RELEASE.jar;D:\Program\MavenRes\mysql\mysql-connector-java\8.0.21\mysql-connector-java-8.0.21.jar;D:\Program\MavenRes\org\projectlombok\lombok\1.18.12\lombok-1.18.12.jar;D:\Program\MavenRes\org\springframework\boot\spring-boot-starter-test\2.3.4.RELEASE\spring-boot-starter-test-2.3.4.RELEASE.jar;D:\Program\MavenRes\org\springframework\boot\spring-boot-test\2.3.4.RELEASE\spring-boot-test-2.3.4.RELEASE.jar;D:\Program\MavenRes\org\springframework\boot\spring-boot-test-autoconfigure\2.3.4.RELEASE\spring-boot-test-autoconfigure-2.3.4.RELEASE.jar;D:\Program\MavenRes\com\jayway\jsonpath\json-path\2.4.0\json-path-2.4.0.jar;D:\Program\MavenRes\net\minidev\json-smart\2.3\json-smart-2.3.jar;D:\Program\MavenRes\net\minidev\accessors-smart\1.2\accessors-smart-1.2.jar;D:\Program\MavenRes\org\ow2\asm\asm\5.0.4\asm-5.0.4.jar;D:\Program\MavenRes\org\slf4j\slf4j-api\1.7.30\slf4j-api-1.7.30.jar;D:\Program\MavenRes\jakarta\xml\bind\jakarta.xml.bind-api\2.3.3\jakarta.xml.bind-api-2.3.3.jar;D:\Program\MavenRes\jakarta\activation\jakarta.activation-api\1.2.2\jakarta.activation-api-1.2.2.jar;D:\Program\MavenRes\org\assertj\assertj-core\3.16.1\assertj-core-3.16.1.jar;D:\Program\MavenRes\org\hamcrest\hamcrest\2.2\hamcrest-2.2.jar;D:\Program\MavenRes\org\junit\jupiter\junit-jupiter\5.6.2\junit-jupiter-5.6.2.jar;D:\Program\MavenRes\org\junit\jupiter\junit-jupiter-api\5.6.2\junit-jupiter-api-5.6.2.jar;D:\Program\MavenRes\org\apiguardian\apiguardian-api\1.1.0\apiguardian-api-1.1.0.jar;D:\Program\MavenRes\org\opentest4j\opentest4j\1.2.0\opentest4j-1.2.0.jar;D:\Program\MavenRes\org\junit\platform\junit-platform-commons\1.6.2\junit-platform-commons-1.6.2.jar;D:\Program\MavenRes\org\junit\jupiter\junit-jupiter-params\5.6.2\junit-jupiter-params-5.6.2.jar;D:\Program\MavenRes\org\junit\jupiter\junit-jupiter-engine\5.6.2\junit-jupiter-engine-5.6.2.jar;D:\Program\MavenRes\org\junit\platform\junit-platform-engine\1.6.2\junit-platform-engine-1.6.2.jar;D:\Program\MavenRes\org\mockito\mockito-core\3.3.3\mockito-core-3.3.3.jar;D:\Program\MavenRes\net\bytebuddy\byte-buddy\1.10.14\byte-buddy-1.10.14.jar;D:\Program\MavenRes\net\bytebuddy\byte-buddy-agent\1.10.14\byte-buddy-agent-1.10.14.jar;D:\Program\MavenRes\org\objenesis\objenesis\2.6\objenesis-2.6.jar;D:\Program\MavenRes\org\mockito\mockito-junit-jupiter\3.3.3\mockito-junit-jupiter-3.3.3.jar;D:\Program\MavenRes\org\skyscreamer\jsonassert\1.5.0\jsonassert-1.5.0.jar;D:\Program\MavenRes\com\vaadin\external\google\android-json\0.0.20131108.vaadin1\android-json-0.0.20131108.vaadin1.jar;D:\Program\MavenRes\org\springframework\spring-core\5.2.9.RELEASE\spring-core-5.2.9.RELEASE.jar;D:\Program\MavenRes\org\springframework\spring-jcl\5.2.9.RELEASE\spring-jcl-5.2.9.RELEASE.jar;D:\Program\MavenRes\org\springframework\spring-test\5.2.9.RELEASE\spring-test-5.2.9.RELEASE.jar;D:\Program\MavenRes\org\xmlunit\xmlunit-core\2.7.0\xmlunit-core-2.7.0.jar;"/>
    <property name="sun.cpu.endian" value="little"/>
    <property name="user.home" value="C:\Users\Administrator.WIN-48TJLN4BN3R"/>
    <property name="user.language" value="zh"/>
    <property name="java.specification.vendor" value="Oracle Corporation"/>
    <property name="java.home" value="D:\Program\Java\jdk1.8.0_191\jre"/>
    <property name="basedir" value="G:\WorkSpace\Idea_WorkSpace\Neuedu\backend"/>
    <property name="file.separator" value="\"/>
    <property name="line.separator" value="&#10;"/>
    <property name="java.vm.specification.vendor" value="Oracle Corporation"/>
    <property name="java.specification.name" value="Java Platform API Specification"/>
    <property name="java.awt.graphicsenv" value="sun.awt.Win32GraphicsEnvironment"/>
    <property name="surefire.real.class.path" value="E:\userdata\temp\surefire5150191046821769369\surefirebooter8261233845302558644.jar"/>
    <property name="sun.boot.class.path" value="D:\Program\Java\jdk1.8.0_191\jre\lib\resources.jar;D:\Program\Java\jdk1.8.0_191\jre\lib\rt.jar;D:\Program\Java\jdk1.8.0_191\jre\lib\sunrsasign.jar;D:\Program\Java\jdk1.8.0_191\jre\lib\jsse.jar;D:\Program\Java\jdk1.8.0_191\jre\lib\jce.jar;D:\Program\Java\jdk1.8.0_191\jre\lib\charsets.jar;D:\Program\Java\jdk1.8.0_191\jre\lib\jfr.jar;D:\Program\Java\jdk1.8.0_191\jre\classes"/>
    <property name="user.script" value=""/>
    <property name="sun.management.compiler" value="HotSpot 64-Bit Tiered Compilers"/>
    <property name="java.runtime.version" value="1.8.0_191-b12"/>
    <property name="user.name" value="Administrator"/>
    <property name="path.separator" value=";"/>
    <property name="os.version" value="10.0"/>
    <property name="java.endorsed.dirs" value="D:\Program\Java\jdk1.8.0_191\jre\lib\endorsed"/>
    <property name="java.runtime.name" value="Java(TM) SE Runtime Environment"/>
    <property name="file.encoding" value="GBK"/>
    <property name="java.vm.name" value="Java HotSpot(TM) 64-Bit Server VM"/>
    <property name="localRepository" value="D:\Program\MavenRes"/>
    <property name="java.vendor.url.bug" value="http://bugreport.sun.com/bugreport/"/>
    <property name="java.io.tmpdir" value="E:\userdata\temp\"/>
    <property name="idea.version" value="2020.2.3"/>
    <property name="java.version" value="1.8.0_191"/>
    <property name="user.dir" value="G:\WorkSpace\Idea_WorkSpace\Neuedu\backend"/>
    <property name="os.arch" value="amd64"/>
    <property name="java.vm.specification.name" value="Java Virtual Machine Specification"/>
    <property name="java.awt.printerjob" value="sun.awt.windows.WPrinterJob"/>
    <property name="sun.os.patch.level" value=""/>
    <property name="java.library.path" value="D:\Program\Java\jdk1.8.0_191\jre\bin;C:\WINDOWS\Sun\Java\bin;C:\WINDOWS\system32;C:\WINDOWS;C:\WINDOWS\system32\WBEM;C:\Program Files (x86)\Common Files\Oracle\Java\javapath;C:\Windows\system32;C:\Windows;C:\Windows\System32\Wbem;C:\Windows\System32\WindowsPowerShell\v1.0\;C:\Windows\System32\OpenSSH\;C:\Program Files\NVIDIA Corporation\NVIDIA NvDLISR;C:\Program Files (x86)\NVIDIA Corporation\PhysX\Common;D:\Program\apache-tomcat-9.0.24\lib;D:\Program\Java\jdk1.8.0_191\bin;D:\Program\apache-tomcat-9.0.24\bin;D:\Program\mysql-5.7.30-winx64\bin;C:\Program Files\Intel\WiFi\bin\;C:\Program Files\Common Files\Intel\WirelessCommon\;D:\Program\mysql-8.0.16-winx64\bin;D:\Program\UFT\bin;D:\Program\apache-maven-3.6.3\bin;D:\Program\Java\jdk1.8.0_191\jre\bin;C:\Program Files\dotnet\;C:\Users\Administrator.WIN-48TJLN4BN3R\AppData\Local\Microsoft\WindowsApps;&quot;D:\Program\apache-tomcat-9.0.24\lib;D:\Program\apache-tomcat-9.0.24\bin&quot;;D:\应用软件\bandzip\;C:\;rogram Files\Intel\WiFi\bin\;D:\Program\nodejs\node_global;C:\Program Files (x86)\Windows Kits\8.1\Windows Performance Toolkit\;C:\WINDOWS\system32;C:\WINDOWS;C:\WINDOWS\System32\Wbem;C:\WINDOWS\System32\WindowsPowerShell\v1.0\;C:\WINDOWS\System32\OpenSSH\;C:\ProgramData\chocolatey\bin;C:\Program Files\PowerShell\7-preview\preview;D:\Program Files (x86)\Xshell7\;D:\Program\nodejs\;D:\Git\cmd;C:\Users\Administrator.WIN-48TJLN4BN3R\scoop\shims;G:\Soft\Microsoft VS Code\Microsoft VS Code\bin;C:\Users\Administrator.WIN-48TJLN4BN3R\AppData\Roaming\npm;."/>
    <property name="java.vm.info" value="mixed mode"/>
    <property name="java.vendor" value="Oracle Corporation"/>
    <property name="java.vm.version" value="25.191-b12"/>
    <property name="java.ext.dirs" value="D:\Program\Java\jdk1.8.0_191\jre\lib\ext;C:\WINDOWS\Sun\Java\lib\ext"/>
    <property name="sun.io.unicode.encoding" value="UnicodeLittle"/>
    <property name="maven.repo.local" value="D:\Program\MavenRes"/>
    <property name="java.class.version" value="52.0"/>
  </properties>
  <testcase name="contextLoads" classname="com.neuedu.backend.BackendApplicationTests" time="1.118"/>
</testsuite>